<?xml version="1.0" encoding="UTF-8"?>
<testsuite name="io.github.chasehuegel.skilling.requirements.RequirementEngineTest" tests="4" skipped="0" failures="0" errors="0" timestamp="2026-07-26T19:04:23.229Z" hostname="chase-desktop-linux" time="0.005">
  <properties/>
  <testcase name="passedResultObjectStructure()" classname="io.github.chasehuegel.skilling.requirements.RequirementEngineTest" time="0.001"/>
  <testcase name="failedResultContainsReasonAndPlaceholders()" classname="io.github.chasehuegel.skilling.requirements.RequirementEngineTest" time="0.001"/>
  <testcase name="requirementsRecordWithDefaults()" classname="io.github.chasehuegel.skilling.requirements.RequirementEngineTest" time="0.002"/>
  <testcase name="itemRequirementRecord()" classname="io.github.chasehuegel.skilling.requirements.RequirementEngineTest" time="0.001"/>
  <system-out><![CDATA[]]></system-out>
  <system-err><![CDATA[]]></system-err>
</testsuite>
