<?xml version="1.0" encoding="UTF-8"?>
<testsuite name="io.github.chasehuegel.skilling.requirements.RequirementResultTest" tests="4" skipped="0" failures="0" errors="0" timestamp="2026-07-26T19:03:26.532Z" hostname="chase-desktop-linux" time="0.005">
  <properties/>
  <testcase name="customPlaceholders()" classname="io.github.chasehuegel.skilling.requirements.RequirementResultTest" time="0.001"/>
  <testcase name="failedResultHasFailureReason()" classname="io.github.chasehuegel.skilling.requirements.RequirementResultTest" time="0.001"/>
  <testcase name="failureReasonsAreDistinct()" classname="io.github.chasehuegel.skilling.requirements.RequirementResultTest" time="0.001"/>
  <testcase name="passedResultIsSuccessful()" classname="io.github.chasehuegel.skilling.requirements.RequirementResultTest" time="0.001"/>
  <system-out><![CDATA[]]></system-out>
  <system-err><![CDATA[]]></system-err>
</testsuite>
