<?xml version="1.0" encoding="UTF-8"?>
<testsuite name="io.github.chasehuegel.skilling.tag.TagResolverTest" tests="4" skipped="0" failures="0" errors="0" timestamp="2026-07-26T19:05:08.474Z" hostname="chase-desktop-linux" time="0.009">
  <properties/>
  <testcase name="nullOrBlankReturnsEmpty()" classname="io.github.chasehuegel.skilling.tag.TagResolverTest" time="0.0"/>
  <testcase name="missingCustomTagReturnsEmpty()" classname="io.github.chasehuegel.skilling.tag.TagResolverTest" time="0.001"/>
  <testcase name="unknownNamespaceThrows()" classname="io.github.chasehuegel.skilling.tag.TagResolverTest" time="0.002"/>
  <testcase name="invalidTagFormatThrows()" classname="io.github.chasehuegel.skilling.tag.TagResolverTest" time="0.001"/>
  <system-out><![CDATA[]]></system-out>
  <system-err><![CDATA[]]></system-err>
</testsuite>
